<?xml version="1.0" encoding="UTF-8"?>
<!-- Generated by org.testng.reporters.JUnitReportReporter -->
<testsuite hostname="DESKTOP-G0IBNG4" failures="0" tests="1" name="automateorangehrm.JobTitleFunctionalityTest" time="11.548" errors="0" timestamp="2024-03-22T17:28:29 IST" skipped="0">
  <testcase classname="automateorangehrm.JobTitleFunctionalityTest" name="testDeleteFunctionality" time="11.548"/>
  <system-out/>
</testsuite> <!-- automateorangehrm.JobTitleFunctionalityTest -->
