<?xml version="1.0" encoding="UTF-8"?>
<!-- Generated by org.testng.reporters.JUnitReportReporter -->
<testsuite hostname="DESKTOP-G0IBNG4" failures="0" tests="1" name="automateorangehrm.JobTitleFunctionalityTest" time="12.872" errors="0" timestamp="2024-03-21T18:00:24 IST" skipped="0">
  <testcase classname="automateorangehrm.JobTitleFunctionalityTest" name="testDeleteFunctionality" time="12.872"/>
  <system-out/>
</testsuite> <!-- automateorangehrm.JobTitleFunctionalityTest -->
