<?xml version="1.0" encoding="UTF-8"?>
<!-- Generated by org.testng.reporters.JUnitReportReporter -->
<testsuite hostname="DESKTOP-G0IBNG4" failures="0" tests="1" name="automateorangehrm.AllEmptyFieldTest" time="1.250" errors="0" timestamp="2024-03-21T12:49:55 IST" skipped="0">
  <testcase classname="automateorangehrm.AllEmptyFieldTest" name="testLoginWithAllEmptyFields" time="1.250"/>
  <system-out/>
</testsuite> <!-- automateorangehrm.AllEmptyFieldTest -->
