<?xml version="1.0" encoding="UTF-8"?>
<!-- Generated by org.testng.reporters.JUnitReportReporter -->
<testsuite hostname="DESKTOP-G0IBNG4" failures="0" tests="2" name="automateorangehrm.EmptyUsernameFieldTest" time="2.425" errors="0" timestamp="2024-03-20T23:58:58 IST" skipped="0">
  <testcase classname="automateorangehrm.EmptyUsernameFieldTest" name="testLoginWithEmptyUsernameFieldAndCorrectPassword" time="1.421"/>
  <system-out/>
  <testcase classname="automateorangehrm.EmptyUsernameFieldTest" name="testLoginWithEmptyUsernameFieldAndIncorrectPassword" time="1.004"/>
  <system-out/>
</testsuite> <!-- automateorangehrm.EmptyUsernameFieldTest -->
