<?xml version="1.0" encoding="UTF-8"?>
<!-- Generated by org.testng.reporters.JUnitReportReporter -->
<testsuite hostname="DESKTOP-G0IBNG4" failures="0" tests="1" name="automateorangehrm.AllInvalidDetailsTest" time="2.391" errors="0" timestamp="2024-03-20T14:54:59 IST" skipped="0">
  <testcase classname="automateorangehrm.AllInvalidDetailsTest" name="testLoginWithIncorrectUsernameAndIncorrectPassword" time="2.391"/>
  <system-out/>
</testsuite> <!-- automateorangehrm.AllInvalidDetailsTest -->
