<?xml version="1.0" encoding="UTF-8"?>
<!-- Generated by org.testng.reporters.JUnitReportReporter -->
<testsuite hostname="DESKTOP-G0IBNG4" failures="0" tests="1" name="automateorangehrm.JobTitleFunctionalityTest" time="18.294" errors="0" timestamp="2024-03-28T10:55:31 IST" skipped="0">
  <testcase classname="automateorangehrm.JobTitleFunctionalityTest" name="testDeleteFunctionality" time="18.294"/>
  <system-out/>
</testsuite> <!-- automateorangehrm.JobTitleFunctionalityTest -->
