<?xml version="1.0" encoding="UTF-8"?>
<!-- Generated by org.testng.reporters.JUnitReportReporter -->
<testsuite hostname="DESKTOP-G0IBNG4" failures="0" tests="1" name="automateorangehrm.ValidUsernameAndValidPasswordTest" time="2.225" errors="0" timestamp="2024-03-20T14:41:22 IST" skipped="0">
  <testcase classname="automateorangehrm.ValidUsernameAndValidPasswordTest" name="testLoginWithCorrectUsernameAndCorrectPassword" time="2.225"/>
  <system-out/>
</testsuite> <!-- automateorangehrm.ValidUsernameAndValidPasswordTest -->
