<?xml version="1.0" encoding="UTF-8"?>
<!-- Generated by org.testng.reporters.JUnitReportReporter -->
<testsuite hostname="DESKTOP-G0IBNG4" failures="0" tests="1" name="automateorangehrm.CorrectDetailsTest" time="2.127" errors="0" timestamp="2024-03-21T12:50:21 IST" skipped="0">
  <testcase classname="automateorangehrm.CorrectDetailsTest" name="testLoginWithCorrectUsernameAndCorrectPassword" time="2.127"/>
  <system-out/>
</testsuite> <!-- automateorangehrm.CorrectDetailsTest -->
