<?xml version="1.0" encoding="UTF-8"?>
<!-- Generated by org.testng.reporters.JUnitReportReporter -->
<testsuite hostname="DESKTOP-G0IBNG4" failures="0" tests="2" name="automateorangehrm.EmptyUsernameFieldTest" time="1.576" errors="0" timestamp="2024-03-20T15:37:17 IST" skipped="0">
  <testcase classname="automateorangehrm.EmptyUsernameFieldTest" name="testLoginWithEmptyUsernameFieldAndCorrectPassword" time="1.097"/>
  <system-out/>
  <testcase classname="automateorangehrm.EmptyUsernameFieldTest" name="testLoginWithEmptyUsernameFieldAndIncorrectPassword" time="0.479"/>
  <system-out/>
</testsuite> <!-- automateorangehrm.EmptyUsernameFieldTest -->
