<?xml version="1.0" encoding="UTF-8"?>
<!-- Generated by org.testng.reporters.JUnitReportReporter -->
<testsuite hostname="DESKTOP-G0IBNG4" failures="0" tests="1" name="automateorangehrm.ForgotPasswordFunctionalityTest" time="2.837" errors="0" timestamp="2024-03-22T12:02:15 IST" skipped="0">
  <testcase classname="automateorangehrm.ForgotPasswordFunctionalityTest" name="testLoginWithCorrectUsernameAndCorrectPassword" time="2.837"/>
  <system-out/>
</testsuite> <!-- automateorangehrm.ForgotPasswordFunctionalityTest -->
