<?xml version="1.0" encoding="UTF-8"?>
<!-- Generated by org.testng.reporters.JUnitReportReporter -->
<testsuite hostname="DESKTOP-G0IBNG4" failures="0" tests="3" name="automateorangehrm.InvalidDetailsTest" time="6.616" errors="0" timestamp="2024-03-20T15:37:01 IST" skipped="0">
  <testcase classname="automateorangehrm.InvalidDetailsTest" name="testLoginWithIncorrectUsernameAndIncorrectPassword" time="2.724"/>
  <system-out/>
  <testcase classname="automateorangehrm.InvalidDetailsTest" name="testLoginWithIncorrectUsernameAndCorrectPassword" time="1.814"/>
  <system-out/>
  <testcase classname="automateorangehrm.InvalidDetailsTest" name="testLoginWithCorrectUsernameAndIncorrectPassword" time="2.078"/>
  <system-out/>
</testsuite> <!-- automateorangehrm.InvalidDetailsTest -->
