<?xml version="1.0" encoding="UTF-8"?>
<!-- Generated by org.testng.reporters.JUnitReportReporter -->
<testsuite hostname="DESKTOP-G0IBNG4" failures="0" tests="1" name="automateorangehrm.InvalidUsernameAndInvalidPassword" time="2.699" errors="0" timestamp="2024-03-20T14:41:51 IST" skipped="0">
  <testcase classname="automateorangehrm.InvalidUsernameAndInvalidPassword" name="testLoginWithIncorrectUsernameAndINcorrectPassword" time="2.699"/>
  <system-out/>
</testsuite> <!-- automateorangehrm.InvalidUsernameAndInvalidPassword -->
