<?xml version="1.0" encoding="UTF-8"?>
<!-- Generated by org.testng.reporters.JUnitReportReporter -->
<testsuite hostname="DESKTOP-G0IBNG4" failures="0" tests="1" name="automateorangehrm.JobTitleFunctionalityTest" time="19.799" errors="0" timestamp="2024-03-21T17:45:50 IST" skipped="0">
  <testcase classname="automateorangehrm.JobTitleFunctionalityTest" name="testEditFunctionality" time="19.799"/>
  <system-out/>
</testsuite> <!-- automateorangehrm.JobTitleFunctionalityTest -->
