<?xml version="1.0" encoding="UTF-8"?>
<!-- Generated by org.testng.reporters.JUnitReportReporter -->
<testsuite hostname="DESKTOP-G0IBNG4" failures="0" tests="1" name="automateorangehrm.JobTitleFunctionalityTest" time="23.943" errors="0" timestamp="2024-03-20T23:29:09 IST" skipped="0">
  <testcase classname="automateorangehrm.JobTitleFunctionalityTest" name="testAddFunctionality" time="23.943"/>
  <system-out/>
</testsuite> <!-- automateorangehrm.JobTitleFunctionalityTest -->
