<?xml version="1.0" encoding="UTF-8"?>
<!-- Generated by org.testng.reporters.JUnitReportReporter -->
<testsuite hostname="DESKTOP-G0IBNG4" failures="0" tests="3" name="automateorangehrm.InvalidDetailsTest" time="8.171" errors="0" timestamp="2024-03-20T23:59:29 IST" skipped="0">
  <testcase classname="automateorangehrm.InvalidDetailsTest" name="testLoginWithIncorrectUsernameAndIncorrectPassword" time="3.557"/>
  <system-out/>
  <testcase classname="automateorangehrm.InvalidDetailsTest" name="testLoginWithIncorrectUsernameAndCorrectPassword" time="2.134"/>
  <system-out/>
  <testcase classname="automateorangehrm.InvalidDetailsTest" name="testLoginWithCorrectUsernameAndIncorrectPassword" time="2.480"/>
  <system-out/>
</testsuite> <!-- automateorangehrm.InvalidDetailsTest -->
