<?xml version="1.0" encoding="UTF-8"?>
<!-- Generated by org.testng.reporters.JUnitReportReporter -->
<testsuite hostname="DESKTOP-G0IBNG4" failures="0" tests="1" name="automateorangehrm.CorrectDetailsTest" time="2.377" errors="0" timestamp="2024-03-20T15:47:32 IST" skipped="0">
  <testcase classname="automateorangehrm.CorrectDetailsTest" name="testLoginWithCorrectUsernameAndCorrectPassword" time="2.377"/>
  <system-out/>
</testsuite> <!-- automateorangehrm.CorrectDetailsTest -->
