<?xml version="1.0" encoding="UTF-8"?>
<!-- Generated by org.testng.reporters.JUnitReportReporter -->
<testsuite hostname="DESKTOP-G0IBNG4" failures="0" tests="1" name="automateorangehrm.CorrectDetailsTest" time="3.346" errors="0" timestamp="2024-03-20T23:58:06 IST" skipped="0">
  <testcase classname="automateorangehrm.CorrectDetailsTest" name="testLoginWithCorrectUsernameAndCorrectPassword" time="3.346"/>
  <system-out/>
</testsuite> <!-- automateorangehrm.CorrectDetailsTest -->
