<?xml version="1.0" encoding="UTF-8"?>
<!-- Generated by org.testng.reporters.JUnitReportReporter -->
<testsuite hostname="DESKTOP-G0IBNG4" failures="0" tests="2" name="automateorangehrm.EmptyPasswordFieldTest" time="1.680" errors="0" timestamp="2024-03-20T15:36:05 IST" skipped="0">
  <testcase classname="automateorangehrm.EmptyPasswordFieldTest" name="testLoginWithEmptyPasswordFieldAndCorrectUsername" time="1.115"/>
  <system-out/>
  <testcase classname="automateorangehrm.EmptyPasswordFieldTest" name="testLoginWithEmptyPasswordFieldAndIncorrectUsername" time="0.565"/>
  <system-out/>
</testsuite> <!-- automateorangehrm.EmptyPasswordFieldTest -->
