<?xml version="1.0" encoding="UTF-8"?>
<!-- Generated by org.testng.reporters.JUnitReportReporter -->
<testsuite hostname="DESKTOP-G0IBNG4" failures="0" tests="1" name="automateorangehrm.AllEmptyFieldTest" time="2.089" errors="0" timestamp="2024-03-20T23:57:43 IST" skipped="0">
  <testcase classname="automateorangehrm.AllEmptyFieldTest" name="testLoginWithAllEmptyFields" time="2.089"/>
  <system-out/>
</testsuite> <!-- automateorangehrm.AllEmptyFieldTest -->
